<?xml version='1.0' encoding='UTF-8'?>
<testsuite hostname="pc044" name="sushishop.SushiSimulation" tests="1" errors="0" failures="0" skipped="0" time="1266614.544" timestamp="2020-12-16T21:51:38">
                     <properties>
[...]
</properties>
                     <testcase classname="sushishop.SushiSimulation" name="" time="1266614.544">
                                                 
                                               </testcase>
                     <system-out><![CDATA[]]></system-out>
                     <system-err><![CDATA[]]></system-err>
                   </testsuite>